<?xml version="1.0" encoding="UTF-8"?>
<!-- Generated by org.testng.reporters.JUnitReportReporter -->
<testsuite hostname="Sonie" failures="0" tests="1" name="tests.TwoTest" time="82.240" errors="0" timestamp="2022-02-26T03:29:50 IST" skipped="0">
  <testcase classname="tests.TwoTest" name="testTwo" time="82.240"/>
  <system-out/>
</testsuite> <!-- tests.TwoTest -->
