<?xml version="1.0" encoding="UTF-8"?>
<!-- Generated by org.testng.reporters.JUnitReportReporter -->
<testsuite hostname="Sonie" failures="0" tests="1" name="pageobjects.RegistrationPage" time="20.155" errors="0" timestamp="2022-02-25T16:32:03 IST" skipped="0">
  <testcase classname="pageobjects.RegistrationPage" name="abc" time="20.155"/>
  <system-out/>
</testsuite> <!-- pageobjects.RegistrationPage -->
