<?xml version="1.0" encoding="UTF-8"?>
<!-- Generated by org.testng.reporters.JUnitReportReporter -->
<testsuite hostname="Sonie" failures="0" tests="1" name="tests.SearchProductTest" time="25.744" errors="0" timestamp="2022-02-26T01:41:45 IST" skipped="0">
  <testcase classname="tests.SearchProductTest" name="searchProduct" time="25.744"/>
  <system-out/>
</testsuite> <!-- tests.SearchProductTest -->
