<?xml version="1.0" encoding="UTF-8"?>
<!-- Generated by org.testng.reporters.JUnitReportReporter -->
<testsuite hostname="Sonie" failures="0" tests="2" name="tests.LoginTest" time="177.069" errors="0" timestamp="2022-02-26T03:29:50 IST" skipped="0">
  <testcase classname="tests.LoginTest" name="login" time="77.853"/>
  <system-out/>
  <testcase classname="tests.LoginTest" name="login" time="99.216"/>
  <system-out/>
</testsuite> <!-- tests.LoginTest -->
