<?xml version="1.0" encoding="UTF-8"?>
<!-- Generated by org.testng.reporters.JUnitReportReporter -->
<testsuite hostname="Sonie" failures="0" tests="1" name="tests.RegistraterTest" time="24.762" errors="0" timestamp="2022-02-25T21:30:04 IST" skipped="0">
  <testcase classname="tests.RegistraterTest" name="registrater" time="24.762"/>
  <system-out/>
</testsuite> <!-- tests.RegistraterTest -->
