<?xml version="1.0" encoding="UTF-8"?>
<!-- Generated by org.testng.reporters.JUnitReportReporter -->
<testsuite hostname="Sonie" failures="0" tests="1" name="tests.ThreeTest" time="82.242" errors="0" timestamp="2022-02-26T03:29:50 IST" skipped="0">
  <testcase classname="tests.ThreeTest" name="testThree" time="82.242"/>
  <system-out/>
</testsuite> <!-- tests.ThreeTest -->
